Build started 4/10/2013 11:50:55 AM.
     1>Project "C:\Users\Jeff Grinde\Desktop\Project_3\Project_3.vcxproj" on node 2 (build target(s)).
     1>InitializeBuildStatus:
         Creating "Debug\Project_3.unsuccessfulbuild" because "AlwaysCreate" was specified.
       ClCompile:
         C:\Program Files (x86)\Microsoft Visual Studio 10.0\VC\bin\CL.exe /c /ZI /nologo /W3 /WX- /Od /Oy- /D WIN32 /D _DEBUG /D _CONSOLE /D _UNICODE /D UNICODE /Gm /EHsc /RTC1 /MDd /GS /fp:precise /Zc:wchar_t /Zc:forScope /Fo"Debug\\" /Fd"Debug\vc100.pdb" /Gd /TP /analyze- /errorReport:prompt main.cpp netlist.cpp statements.cpp tokens.cpp
         tokens.cpp
         statements.cpp
         netlist.cpp
         main.cpp
         Generating Code...
       ManifestResourceCompile:
         C:\Program Files (x86)\Microsoft SDKs\Windows\v7.0A\bin\rc.exe /nologo /fo"Debug\Project_3.exe.embed.manifest.res" Debug\Project_3_manifest.rc 
       Link:
         C:\Program Files (x86)\Microsoft Visual Studio 10.0\VC\bin\link.exe /ERRORREPORT:PROMPT /OUT:"C:\Users\Jeff Grinde\Desktop\Project_3\Debug\Project_3.exe" /INCREMENTAL /NOLOGO kernel32.lib user32.lib gdi32.lib winspool.lib comdlg32.lib advapi32.lib shell32.lib ole32.lib oleaut32.lib uuid.lib odbc32.lib odbccp32.lib /MANIFEST /ManifestFile:"Debug\Project_3.exe.intermediate.manifest" /MANIFESTUAC:"level='asInvoker' uiAccess='false'" /DEBUG /PDB:"C:\Users\Jeff Grinde\Desktop\Project_3\Debug\Project_3.pdb" /SUBSYSTEM:CONSOLE /TLBID:1 /DYNAMICBASE /NXCOMPAT /IMPLIB:"C:\Users\Jeff Grinde\Desktop\Project_3\Debug\Project_3.lib" /MACHINE:X86 Debug\Project_3.exe.embed.manifest.res
         Debug\main.obj
         Debug\netlist.obj
         Debug\statements.obj
         Debug\tokens.obj
       Manifest:
         C:\Program Files (x86)\Microsoft SDKs\Windows\v7.0A\bin\mt.exe /nologo /verbose /out:"Debug\Project_3.exe.embed.manifest" /manifest Debug\Project_3.exe.intermediate.manifest
         All outputs are up-to-date.
       LinkEmbedManifest:
         All outputs are up-to-date.
         Project_3.vcxproj -> C:\Users\Jeff Grinde\Desktop\Project_3\Debug\Project_3.exe
       FinalizeBuildStatus:
         Deleting file "Debug\Project_3.unsuccessfulbuild".
         Touching "Debug\Project_3.lastbuildstate".
     1>Done Building Project "C:\Users\Jeff Grinde\Desktop\Project_3\Project_3.vcxproj" (build target(s)).

Build succeeded.

Time Elapsed 00:00:08.73
