Build started 4/24/2013 10:06:06 AM.
     1>Project "C:\Users\Jeff Grindel\Documents\GitHub\Computer_Simulation\Project_4\Project_4.vcxproj" on node 2 (build target(s)).
     1>InitializeBuildStatus:
         Creating "Debug\Project_4.unsuccessfulbuild" because "AlwaysCreate" was specified.
       ClCompile:
         C:\Program Files (x86)\Microsoft Visual Studio 10.0\VC\bin\CL.exe /c /ZI /nologo /W3 /WX- /Od /Oy- /D WIN32 /D _DEBUG /D _CONSOLE /D _UNICODE /D UNICODE /Gm /EHsc /RTC1 /MDd /GS /fp:precise /Zc:wchar_t /Zc:forScope /Fo"Debug\\" /Fd"Debug\vc100.pdb" /Gd /TP /analyze- /errorReport:prompt main.cpp netlist.cpp
         netlist.cpp
     1>c:\users\jeff grindel\documents\github\computer_simulation\project_4\netlist.cpp(34): warning C4800: 'int' : forcing value to bool 'true' or 'false' (performance warning)
         Generating Code...
         Skipping... (no relevant changes detected)
         main.cpp
       ManifestResourceCompile:
         All outputs are up-to-date.
       Link:
         C:\Program Files (x86)\Microsoft Visual Studio 10.0\VC\bin\link.exe /ERRORREPORT:PROMPT /OUT:"C:\Users\Jeff Grindel\Documents\GitHub\Computer_Simulation\Project_4\Debug\Project_4.exe" /INCREMENTAL /NOLOGO kernel32.lib user32.lib gdi32.lib winspool.lib comdlg32.lib advapi32.lib shell32.lib ole32.lib oleaut32.lib uuid.lib odbc32.lib odbccp32.lib /MANIFEST /ManifestFile:"Debug\Project_4.exe.intermediate.manifest" /MANIFESTUAC:"level='asInvoker' uiAccess='false'" /DEBUG /PDB:"C:\Users\Jeff Grindel\Documents\GitHub\Computer_Simulation\Project_4\Debug\Project_4.pdb" /SUBSYSTEM:CONSOLE /TLBID:1 /DYNAMICBASE /NXCOMPAT /IMPLIB:"C:\Users\Jeff Grindel\Documents\GitHub\Computer_Simulation\Project_4\Debug\Project_4.lib" /MACHINE:X86 Debug\Project_4.exe.embed.manifest.res
         Debug\main.obj
         Debug\netlist.obj
         Debug\statements.obj
         Debug\tokens.obj
       Manifest:
         C:\Program Files (x86)\Microsoft SDKs\Windows\v7.0A\bin\mt.exe /nologo /verbose /out:"Debug\Project_4.exe.embed.manifest" /manifest Debug\Project_4.exe.intermediate.manifest
         All outputs are up-to-date.
       LinkEmbedManifest:
         All outputs are up-to-date.
         Project_4.vcxproj -> C:\Users\Jeff Grindel\Documents\GitHub\Computer_Simulation\Project_4\Debug\Project_4.exe
       FinalizeBuildStatus:
         Deleting file "Debug\Project_4.unsuccessfulbuild".
         Touching "Debug\Project_4.lastbuildstate".
     1>Done Building Project "C:\Users\Jeff Grindel\Documents\GitHub\Computer_Simulation\Project_4\Project_4.vcxproj" (build target(s)).

Build succeeded.

Time Elapsed 00:00:02.83
